{
  "stats": {
    "suites": 1,
    "tests": 3,
    "passes": 2,
    "pending": 0,
    "failures": 1,
    "start": "2020-11-22T18:36:37.693Z",
    "end": "2020-11-22T18:36:42.195Z",
    "duration": 4502,
    "testsRegistered": 3,
    "passPercent": 66.66666666666666,
    "pendingPercent": 0,
    "other": 0,
    "hasOther": false,
    "skipped": 0,
    "hasSkipped": false
  },
  "results": [
    {
      "uuid": "d8fa1b50-eefe-4664-94a0-7a0a01683fd9",
      "title": "",
      "fullFile": "cypress/integration/myFirstWebsite.js",
      "file": "cypress/integration/myFirstWebsite.js",
      "beforeHooks": [],
      "afterHooks": [],
      "tests": [],
      "suites": [
        {
          "uuid": "101f362f-23a4-47da-af23-a99f1f2500d8",
          "title": "My First Website",
          "fullFile": "",
          "file": "",
          "beforeHooks": [],
          "afterHooks": [],
          "tests": [
            {
              "title": "Has the correct title",
              "fullTitle": "My First Website Has the correct title",
              "timedOut": null,
              "duration": 98,
              "state": "passed",
              "speed": "slow",
              "pass": true,
              "fail": false,
              "pending": false,
              "context": null,
              "code": "expect(cy.title(), \"Hello World\");",
              "err": {},
              "uuid": "e805a8be-773f-4ee2-92a4-ab36ecf2c099",
              "parentUUID": "101f362f-23a4-47da-af23-a99f1f2500d8",
              "isHook": false,
              "skipped": false
            },
            {
              "title": "Has an H2",
              "fullTitle": "My First Website Has an H2",
              "timedOut": null,
              "duration": 57,
              "state": "passed",
              "speed": "medium",
              "pass": true,
              "fail": false,
              "pending": false,
              "context": null,
              "code": "expect(cy.get(\"h2\")).exist;",
              "err": {},
              "uuid": "0d65383f-270d-4bc0-840b-45cd456239d3",
              "parentUUID": "101f362f-23a4-47da-af23-a99f1f2500d8",
              "isHook": false,
              "skipped": false
            },
            {
              "title": "Has an H2 with the correct text",
              "fullTitle": "My First Website Has an H2 with the correct text",
              "timedOut": null,
              "duration": 4303,
              "state": "failed",
              "speed": null,
              "pass": false,
              "fail": true,
              "pending": false,
              "context": null,
              "code": "cy.get(\"h2\").contains(\"My First Website\");",
              "err": {
                "message": "AssertionError: Timed out retrying: Expected to find content: 'My First Website' within the element: <h2> but never did.",
                "estack": "AssertionError: Timed out retrying: Expected to find content: 'My First Website' within the element: <h2> but never did.\n    at Context.eval (http://localhost:65135/__cypress/tests?p=cypress/integration/myFirstWebsite.js:111:18)",
                "diff": null
              },
              "uuid": "443464bb-7492-4e8a-bd54-5e817386767b",
              "parentUUID": "101f362f-23a4-47da-af23-a99f1f2500d8",
              "isHook": false,
              "skipped": false
            }
          ],
          "suites": [],
          "passes": [
            "e805a8be-773f-4ee2-92a4-ab36ecf2c099",
            "0d65383f-270d-4bc0-840b-45cd456239d3"
          ],
          "failures": [
            "443464bb-7492-4e8a-bd54-5e817386767b"
          ],
          "pending": [],
          "skipped": [],
          "duration": 4458,
          "root": false,
          "rootEmpty": false,
          "_timeout": 2000
        }
      ],
      "passes": [],
      "failures": [],
      "pending": [],
      "skipped": [],
      "duration": 0,
      "root": true,
      "rootEmpty": true,
      "_timeout": 2000
    }
  ],
  "meta": {
    "mocha": {
      "version": "7.0.1"
    },
    "mochawesome": {
      "options": {
        "quiet": false,
        "reportFilename": "mochawesome",
        "saveHtml": true,
        "saveJson": true,
        "consoleReporter": "spec",
        "useInlineDiffs": false,
        "code": true
      },
      "version": "6.2.1"
    },
    "marge": {
      "options": null,
      "version": "5.1.0"
    }
  }
}